<?xml version="1.0" encoding="utf-8"?>
<TestRun id="8cf74700-352d-4875-8a9c-426c06433b7e" name="local-validation" xmlns="http://microsoft.com/schemas/VisualStudio/TeamTest/2010">
  <Times creation="2026-09-08T12:05:58.1945100+09:00" queuing="2026-09-08T12:05:58.1945100+09:00" start="2026-09-08T12:05:57.8036830+09:00" finish="2026-09-08T12:05:58.2094570+09:00" />
  <TestSettings name="default" id="a17e0414-84c7-475b-a0f3-2d6588118f45">
    <Deployment runDeploymentRoot="local-validation" />
  </TestSettings>
  <Results>
    <UnitTestResult executionId="e354cd0b-a8ca-4a59-af66-bb722ebafb5f" testId="d6a883e8-9a91-dadc-ea3a-4b3cfae774c4" testName="DomainProjectHasOnlyPortableStandardLibraryDependencies" computerName="local-machine" duration="00:00:00.0012210" startTime="2026-09-08T12:05:58.1302840+09:00" endTime="2026-09-08T12:05:58.1315050+09:00" testType="13cdc9d9-ddb5-4fa4-a97d-d965ccfc6d4b" outcome="Passed" testListId="8c84fa94-04c1-424b-9868-57a2d4851a1d" relativeResultsDirectory="e354cd0b-a8ca-4a59-af66-bb722ebafb5f" />
    <UnitTestResult executionId="c2308d4b-670a-42be-b76b-0cf7dea1a881" testId="c009bb38-0985-7a6e-11cf-137b6fe6d532" testName="WorkflowBuildsAndExecutesBothSuitesWithPinnedSdkAndLockedRestore" computerName="local-machine" duration="00:00:00.0009050" startTime="2026-09-08T12:05:58.1642480+09:00" endTime="2026-09-08T12:05:58.1651530+09:00" testType="13cdc9d9-ddb5-4fa4-a97d-d965ccfc6d4b" outcome="Passed" testListId="8c84fa94-04c1-424b-9868-57a2d4851a1d" relativeResultsDirectory="c2308d4b-670a-42be-b76b-0cf7dea1a881" />
    <UnitTestResult executionId="7eaad3c4-c375-4a1e-9d6f-59c97ece415c" testId="74aec3a8-6dd0-e900-9e6d-c1cc6c49b7ef" testName="EditorVersionIsPinnedToTheVerifiedDownloadMetadata" computerName="local-machine" duration="00:00:00.0003869" startTime="2026-09-08T12:05:58.1668170+09:00" endTime="2026-09-08T12:05:58.1672030+09:00" testType="13cdc9d9-ddb5-4fa4-a97d-d965ccfc6d4b" outcome="Passed" testListId="8c84fa94-04c1-424b-9868-57a2d4851a1d" relativeResultsDirectory="7eaad3c4-c375-4a1e-9d6f-59c97ece415c" />
    <UnitTestResult executionId="b1199cf5-973d-4683-934f-ad81c2034291" testId="5b64c388-bd46-f8d9-edb8-ce0a11415b13" testName="EveryProjectAndDomainModuleHasSpecification" computerName="local-machine" duration="00:00:00.0128380" startTime="2026-09-08T12:05:58.1315400+09:00" endTime="2026-09-08T12:05:58.1443780+09:00" testType="13cdc9d9-ddb5-4fa4-a97d-d965ccfc6d4b" outcome="Passed" testListId="8c84fa94-04c1-424b-9868-57a2d4851a1d" relativeResultsDirectory="b1199cf5-973d-4683-934f-ad81c2034291" />
    <UnitTestResult executionId="01ad969a-9eab-40e8-9236-597ab91a3980" testId="a9745783-a9b4-ed04-a5df-29b6f0f106df" testName="EveryRuleIdIsMappedInTests(&quot;BackpackLoad&quot;,&quot;BackpackLoadTests.cs&quot;,&quot;LOAD-&quot;)" computerName="local-machine" duration="00:00:00.0019320" startTime="2026-09-08T12:05:58.1444350+09:00" endTime="2026-09-08T12:05:58.1463660+09:00" testType="13cdc9d9-ddb5-4fa4-a97d-d965ccfc6d4b" outcome="Passed" testListId="8c84fa94-04c1-424b-9868-57a2d4851a1d" relativeResultsDirectory="01ad969a-9eab-40e8-9236-597ab91a3980" />
    <UnitTestResult executionId="ee1404eb-45dd-48dd-939b-f647f57167c5" testId="9f180c45-3e91-3fc7-ccdb-689d3347eb97" testName="DomainAssemblyReferencesOnlyStandardAssemblies" computerName="local-machine" duration="00:00:00.0044260" startTime="2026-09-08T12:05:58.1187040+09:00" endTime="2026-09-08T12:05:58.1231030+09:00" testType="13cdc9d9-ddb5-4fa4-a97d-d965ccfc6d4b" outcome="Passed" testListId="8c84fa94-04c1-424b-9868-57a2d4851a1d" relativeResultsDirectory="ee1404eb-45dd-48dd-939b-f647f57167c5" />
    <UnitTestResult executionId="5368f1a8-9ba9-4645-86fa-8b9fb9a2a3e4" testId="574fa511-12af-0799-7e60-aac2dadc3a79" testName="WorkflowRunsForPushPullRequestAndManualDispatchWithReadOnlyAccess" computerName="local-machine" duration="00:00:00.0002570" startTime="2026-09-08T12:05:58.1665110+09:00" endTime="2026-09-08T12:05:58.1667670+09:00" testType="13cdc9d9-ddb5-4fa4-a97d-d965ccfc6d4b" outcome="Passed" testListId="8c84fa94-04c1-424b-9868-57a2d4851a1d" relativeResultsDirectory="5368f1a8-9ba9-4645-86fa-8b9fb9a2a3e4" />
    <UnitTestResult executionId="5ff445d9-072a-4ea4-88bb-80405158bf57" testId="e9249b48-8c85-8c91-81aa-0db253815c4e" testName="EveryRuleIdIsMappedInTests(&quot;WorldClock&quot;,&quot;WorldClockTests.cs&quot;,&quot;CLOCK-&quot;)" computerName="local-machine" duration="00:00:00.0009290" startTime="2026-09-08T12:05:58.1463870+09:00" endTime="2026-09-08T12:05:58.1473130+09:00" testType="13cdc9d9-ddb5-4fa4-a97d-d965ccfc6d4b" outcome="Passed" testListId="8c84fa94-04c1-424b-9868-57a2d4851a1d" relativeResultsDirectory="5ff445d9-072a-4ea4-88bb-80405158bf57" />
    <UnitTestResult executionId="3d8bcf23-05d4-4246-9b7f-1b56279aec10" testId="13a7d931-2113-c630-b6a4-62259a9ad327" testName="ImportTestsAreEditorOnlyAndReferenceOnlyTheRequiredPrecompiledAssemblies" computerName="local-machine" duration="00:00:00.0049330" startTime="2026-09-08T12:05:58.1675880+09:00" endTime="2026-09-08T12:05:58.1725200+09:00" testType="13cdc9d9-ddb5-4fa4-a97d-d965ccfc6d4b" outcome="Passed" testListId="8c84fa94-04c1-424b-9868-57a2d4851a1d" relativeResultsDirectory="3d8bcf23-05d4-4246-9b7f-1b56279aec10" />
    <UnitTestResult executionId="28924442-12a8-4b7d-9f6f-5e70efc45795" testId="cc44afbd-4cf3-2e20-3db2-299f7e2f7417" testName="DomainDoesNotDirectlyUseEngineIoNetworkOrWallClock" computerName="local-machine" duration="00:00:00.0065189" startTime="2026-09-08T12:05:58.1237430+09:00" endTime="2026-09-08T12:05:58.1302620+09:00" testType="13cdc9d9-ddb5-4fa4-a97d-d965ccfc6d4b" outcome="Passed" testListId="8c84fa94-04c1-424b-9868-57a2d4851a1d" relativeResultsDirectory="28924442-12a8-4b7d-9f6f-5e70efc45795" />
    <UnitTestResult executionId="7a06c6e2-9489-48d0-abd3-c9f782c7fa6b" testId="f75be3e6-ed0b-35e1-0432-7b7fbb4e1485" testName="EveryRuleIdIsMappedInTests(&quot;DungeonLayout&quot;,&quot;DungeonLayoutTests.cs|DungeonLoopTests.cs|DungeonBranchLoopTests.cs|DungeonSeedTests.cs|DungeonExplorationBranchTests.cs|DungeonSpatialTests.cs|ConfiguredDungeonTests.cs&quot;,&quot;MAP-&quot;)" computerName="local-machine" duration="00:00:00.0154430" startTime="2026-09-08T12:05:58.1473390+09:00" endTime="2026-09-08T12:05:58.1627810+09:00" testType="13cdc9d9-ddb5-4fa4-a97d-d965ccfc6d4b" outcome="Passed" testListId="8c84fa94-04c1-424b-9868-57a2d4851a1d" relativeResultsDirectory="7a06c6e2-9489-48d0-abd3-c9f782c7fa6b" />
    <UnitTestResult executionId="c8b308fb-9d08-4c96-88be-19a788e74dba" testId="3a544a23-ab08-83eb-2fc1-8e30939ddef0" testName="WorkflowPinsOfficialActionsAndBoundsExecution" computerName="local-machine" duration="00:00:00.0010290" startTime="2026-09-08T12:05:58.1651720+09:00" endTime="2026-09-08T12:05:58.1662010+09:00" testType="13cdc9d9-ddb5-4fa4-a97d-d965ccfc6d4b" outcome="Passed" testListId="8c84fa94-04c1-424b-9868-57a2d4851a1d" relativeResultsDirectory="c8b308fb-9d08-4c96-88be-19a788e74dba" />
    <UnitTestResult executionId="4335f834-77f7-4a37-a10d-af035fb769ac" testId="bb174fa2-4f2d-317c-47d6-f0209edbe2b3" testName="WorkflowPreservesFailureAndUploadsResultsEvenWhenTestsFail" computerName="local-machine" duration="00:00:00.0002870" startTime="2026-09-08T12:05:58.1662200+09:00" endTime="2026-09-08T12:05:58.1665070+09:00" testType="13cdc9d9-ddb5-4fa4-a97d-d965ccfc6d4b" outcome="Passed" testListId="8c84fa94-04c1-424b-9868-57a2d4851a1d" relativeResultsDirectory="4335f834-77f7-4a37-a10d-af035fb769ac" />
    <UnitTestResult executionId="8cbad177-ff23-4538-be7b-ecc5baa567e1" testId="3fd2ff77-bd6f-c689-50a7-65afd8701942" testName="EnginePackagesHaveFixedVersions" computerName="local-machine" duration="00:00:00.0003740" startTime="2026-09-08T12:05:58.1672100+09:00" endTime="2026-09-08T12:05:58.1675830+09:00" testType="13cdc9d9-ddb5-4fa4-a97d-d965ccfc6d4b" outcome="Passed" testListId="8c84fa94-04c1-424b-9868-57a2d4851a1d" relativeResultsDirectory="8cbad177-ff23-4538-be7b-ecc5baa567e1" />
  </Results>
  <TestDefinitions>
    <UnitTest name="EveryRuleIdIsMappedInTests(&quot;BackpackLoad&quot;,&quot;BackpackLoadTests.cs&quot;,&quot;LOAD-&quot;)" storage="/workspace/lethal-dungeon/tests/architecture.tests/bin/release/net10.0/architecture.tests.dll" id="a9745783-a9b4-ed04-a5df-29b6f0f106df">
      <Execution id="01ad969a-9eab-40e8-9236-597ab91a3980" />
      <TestMethod codeBase="/workspace/lethal-dungeon/tests/Architecture.Tests/bin/Release/net10.0/Architecture.Tests.dll" adapterTypeName="executor://nunit3testexecutor/" className="LethalDungeon.ArchitectureTests.ArchitectureTests" name="EveryRuleIdIsMappedInTests(&quot;BackpackLoad&quot;,&quot;BackpackLoadTests.cs&quot;,&quot;LOAD-&quot;)" />
    </UnitTest>
    <UnitTest name="DomainProjectHasOnlyPortableStandardLibraryDependencies" storage="/workspace/lethal-dungeon/tests/architecture.tests/bin/release/net10.0/architecture.tests.dll" id="d6a883e8-9a91-dadc-ea3a-4b3cfae774c4">
      <Execution id="e354cd0b-a8ca-4a59-af66-bb722ebafb5f" />
      <TestMethod codeBase="/workspace/lethal-dungeon/tests/Architecture.Tests/bin/Release/net10.0/Architecture.Tests.dll" adapterTypeName="executor://nunit3testexecutor/" className="LethalDungeon.ArchitectureTests.ArchitectureTests" name="DomainProjectHasOnlyPortableStandardLibraryDependencies" />
    </UnitTest>
    <UnitTest name="WorkflowRunsForPushPullRequestAndManualDispatchWithReadOnlyAccess" storage="/workspace/lethal-dungeon/tests/architecture.tests/bin/release/net10.0/architecture.tests.dll" id="574fa511-12af-0799-7e60-aac2dadc3a79">
      <Execution id="5368f1a8-9ba9-4645-86fa-8b9fb9a2a3e4" />
      <TestMethod codeBase="/workspace/lethal-dungeon/tests/Architecture.Tests/bin/Release/net10.0/Architecture.Tests.dll" adapterTypeName="executor://nunit3testexecutor/" className="LethalDungeon.ArchitectureTests.CiWorkflowTests" name="WorkflowRunsForPushPullRequestAndManualDispatchWithReadOnlyAccess" />
    </UnitTest>
    <UnitTest name="DomainAssemblyReferencesOnlyStandardAssemblies" storage="/workspace/lethal-dungeon/tests/architecture.tests/bin/release/net10.0/architecture.tests.dll" id="9f180c45-3e91-3fc7-ccdb-689d3347eb97">
      <Execution id="ee1404eb-45dd-48dd-939b-f647f57167c5" />
      <TestMethod codeBase="/workspace/lethal-dungeon/tests/Architecture.Tests/bin/Release/net10.0/Architecture.Tests.dll" adapterTypeName="executor://nunit3testexecutor/" className="LethalDungeon.ArchitectureTests.ArchitectureTests" name="DomainAssemblyReferencesOnlyStandardAssemblies" />
    </UnitTest>
    <UnitTest name="EveryProjectAndDomainModuleHasSpecification" storage="/workspace/lethal-dungeon/tests/architecture.tests/bin/release/net10.0/architecture.tests.dll" id="5b64c388-bd46-f8d9-edb8-ce0a11415b13">
      <Execution id="b1199cf5-973d-4683-934f-ad81c2034291" />
      <TestMethod codeBase="/workspace/lethal-dungeon/tests/Architecture.Tests/bin/Release/net10.0/Architecture.Tests.dll" adapterTypeName="executor://nunit3testexecutor/" className="LethalDungeon.ArchitectureTests.ArchitectureTests" name="EveryProjectAndDomainModuleHasSpecification" />
    </UnitTest>
    <UnitTest name="EditorVersionIsPinnedToTheVerifiedDownloadMetadata" storage="/workspace/lethal-dungeon/tests/architecture.tests/bin/release/net10.0/architecture.tests.dll" id="74aec3a8-6dd0-e900-9e6d-c1cc6c49b7ef">
      <Execution id="7eaad3c4-c375-4a1e-9d6f-59c97ece415c" />
      <TestMethod codeBase="/workspace/lethal-dungeon/tests/Architecture.Tests/bin/Release/net10.0/Architecture.Tests.dll" adapterTypeName="executor://nunit3testexecutor/" className="LethalDungeon.ArchitectureTests.EngineProjectTests" name="EditorVersionIsPinnedToTheVerifiedDownloadMetadata" />
    </UnitTest>
    <UnitTest name="WorkflowPreservesFailureAndUploadsResultsEvenWhenTestsFail" storage="/workspace/lethal-dungeon/tests/architecture.tests/bin/release/net10.0/architecture.tests.dll" id="bb174fa2-4f2d-317c-47d6-f0209edbe2b3">
      <Execution id="4335f834-77f7-4a37-a10d-af035fb769ac" />
      <TestMethod codeBase="/workspace/lethal-dungeon/tests/Architecture.Tests/bin/Release/net10.0/Architecture.Tests.dll" adapterTypeName="executor://nunit3testexecutor/" className="LethalDungeon.ArchitectureTests.CiWorkflowTests" name="WorkflowPreservesFailureAndUploadsResultsEvenWhenTestsFail" />
    </UnitTest>
    <UnitTest name="WorkflowBuildsAndExecutesBothSuitesWithPinnedSdkAndLockedRestore" storage="/workspace/lethal-dungeon/tests/architecture.tests/bin/release/net10.0/architecture.tests.dll" id="c009bb38-0985-7a6e-11cf-137b6fe6d532">
      <Execution id="c2308d4b-670a-42be-b76b-0cf7dea1a881" />
      <TestMethod codeBase="/workspace/lethal-dungeon/tests/Architecture.Tests/bin/Release/net10.0/Architecture.Tests.dll" adapterTypeName="executor://nunit3testexecutor/" className="LethalDungeon.ArchitectureTests.CiWorkflowTests" name="WorkflowBuildsAndExecutesBothSuitesWithPinnedSdkAndLockedRestore" />
    </UnitTest>
    <UnitTest name="WorkflowPinsOfficialActionsAndBoundsExecution" storage="/workspace/lethal-dungeon/tests/architecture.tests/bin/release/net10.0/architecture.tests.dll" id="3a544a23-ab08-83eb-2fc1-8e30939ddef0">
      <Execution id="c8b308fb-9d08-4c96-88be-19a788e74dba" />
      <TestMethod codeBase="/workspace/lethal-dungeon/tests/Architecture.Tests/bin/Release/net10.0/Architecture.Tests.dll" adapterTypeName="executor://nunit3testexecutor/" className="LethalDungeon.ArchitectureTests.CiWorkflowTests" name="WorkflowPinsOfficialActionsAndBoundsExecution" />
    </UnitTest>
    <UnitTest name="DomainDoesNotDirectlyUseEngineIoNetworkOrWallClock" storage="/workspace/lethal-dungeon/tests/architecture.tests/bin/release/net10.0/architecture.tests.dll" id="cc44afbd-4cf3-2e20-3db2-299f7e2f7417">
      <Execution id="28924442-12a8-4b7d-9f6f-5e70efc45795" />
      <TestMethod codeBase="/workspace/lethal-dungeon/tests/Architecture.Tests/bin/Release/net10.0/Architecture.Tests.dll" adapterTypeName="executor://nunit3testexecutor/" className="LethalDungeon.ArchitectureTests.ArchitectureTests" name="DomainDoesNotDirectlyUseEngineIoNetworkOrWallClock" />
    </UnitTest>
    <UnitTest name="ImportTestsAreEditorOnlyAndReferenceOnlyTheRequiredPrecompiledAssemblies" storage="/workspace/lethal-dungeon/tests/architecture.tests/bin/release/net10.0/architecture.tests.dll" id="13a7d931-2113-c630-b6a4-62259a9ad327">
      <Execution id="3d8bcf23-05d4-4246-9b7f-1b56279aec10" />
      <TestMethod codeBase="/workspace/lethal-dungeon/tests/Architecture.Tests/bin/Release/net10.0/Architecture.Tests.dll" adapterTypeName="executor://nunit3testexecutor/" className="LethalDungeon.ArchitectureTests.EngineProjectTests" name="ImportTestsAreEditorOnlyAndReferenceOnlyTheRequiredPrecompiledAssemblies" />
    </UnitTest>
    <UnitTest name="EnginePackagesHaveFixedVersions" storage="/workspace/lethal-dungeon/tests/architecture.tests/bin/release/net10.0/architecture.tests.dll" id="3fd2ff77-bd6f-c689-50a7-65afd8701942">
      <Execution id="8cbad177-ff23-4538-be7b-ecc5baa567e1" />
      <TestMethod codeBase="/workspace/lethal-dungeon/tests/Architecture.Tests/bin/Release/net10.0/Architecture.Tests.dll" adapterTypeName="executor://nunit3testexecutor/" className="LethalDungeon.ArchitectureTests.EngineProjectTests" name="EnginePackagesHaveFixedVersions" />
    </UnitTest>
    <UnitTest name="EveryRuleIdIsMappedInTests(&quot;WorldClock&quot;,&quot;WorldClockTests.cs&quot;,&quot;CLOCK-&quot;)" storage="/workspace/lethal-dungeon/tests/architecture.tests/bin/release/net10.0/architecture.tests.dll" id="e9249b48-8c85-8c91-81aa-0db253815c4e">
      <Execution id="5ff445d9-072a-4ea4-88bb-80405158bf57" />
      <TestMethod codeBase="/workspace/lethal-dungeon/tests/Architecture.Tests/bin/Release/net10.0/Architecture.Tests.dll" adapterTypeName="executor://nunit3testexecutor/" className="LethalDungeon.ArchitectureTests.ArchitectureTests" name="EveryRuleIdIsMappedInTests(&quot;WorldClock&quot;,&quot;WorldClockTests.cs&quot;,&quot;CLOCK-&quot;)" />
    </UnitTest>
    <UnitTest name="EveryRuleIdIsMappedInTests(&quot;DungeonLayout&quot;,&quot;DungeonLayoutTests.cs|DungeonLoopTests.cs|DungeonBranchLoopTests.cs|DungeonSeedTests.cs|DungeonExplorationBranchTests.cs|DungeonSpatialTests.cs|ConfiguredDungeonTests.cs&quot;,&quot;MAP-&quot;)" storage="/workspace/lethal-dungeon/tests/architecture.tests/bin/release/net10.0/architecture.tests.dll" id="f75be3e6-ed0b-35e1-0432-7b7fbb4e1485">
      <Execution id="7a06c6e2-9489-48d0-abd3-c9f782c7fa6b" />
      <TestMethod codeBase="/workspace/lethal-dungeon/tests/Architecture.Tests/bin/Release/net10.0/Architecture.Tests.dll" adapterTypeName="executor://nunit3testexecutor/" className="LethalDungeon.ArchitectureTests.ArchitectureTests" name="EveryRuleIdIsMappedInTests(&quot;DungeonLayout&quot;,&quot;DungeonLayoutTests.cs|DungeonLoopTests.cs|DungeonBranchLoopTests.cs|DungeonSeedTests.cs|DungeonExplorationBranchTests.cs|DungeonSpatialTests.cs|ConfiguredDungeonTests.cs&quot;,&quot;MAP-&quot;)" />
    </UnitTest>
  </TestDefinitions>
  <TestEntries>
    <TestEntry testId="d6a883e8-9a91-dadc-ea3a-4b3cfae774c4" executionId="e354cd0b-a8ca-4a59-af66-bb722ebafb5f" testListId="8c84fa94-04c1-424b-9868-57a2d4851a1d" />
    <TestEntry testId="c009bb38-0985-7a6e-11cf-137b6fe6d532" executionId="c2308d4b-670a-42be-b76b-0cf7dea1a881" testListId="8c84fa94-04c1-424b-9868-57a2d4851a1d" />
    <TestEntry testId="74aec3a8-6dd0-e900-9e6d-c1cc6c49b7ef" executionId="7eaad3c4-c375-4a1e-9d6f-59c97ece415c" testListId="8c84fa94-04c1-424b-9868-57a2d4851a1d" />
    <TestEntry testId="5b64c388-bd46-f8d9-edb8-ce0a11415b13" executionId="b1199cf5-973d-4683-934f-ad81c2034291" testListId="8c84fa94-04c1-424b-9868-57a2d4851a1d" />
    <TestEntry testId="a9745783-a9b4-ed04-a5df-29b6f0f106df" executionId="01ad969a-9eab-40e8-9236-597ab91a3980" testListId="8c84fa94-04c1-424b-9868-57a2d4851a1d" />
    <TestEntry testId="9f180c45-3e91-3fc7-ccdb-689d3347eb97" executionId="ee1404eb-45dd-48dd-939b-f647f57167c5" testListId="8c84fa94-04c1-424b-9868-57a2d4851a1d" />
    <TestEntry testId="574fa511-12af-0799-7e60-aac2dadc3a79" executionId="5368f1a8-9ba9-4645-86fa-8b9fb9a2a3e4" testListId="8c84fa94-04c1-424b-9868-57a2d4851a1d" />
    <TestEntry testId="e9249b48-8c85-8c91-81aa-0db253815c4e" executionId="5ff445d9-072a-4ea4-88bb-80405158bf57" testListId="8c84fa94-04c1-424b-9868-57a2d4851a1d" />
    <TestEntry testId="13a7d931-2113-c630-b6a4-62259a9ad327" executionId="3d8bcf23-05d4-4246-9b7f-1b56279aec10" testListId="8c84fa94-04c1-424b-9868-57a2d4851a1d" />
    <TestEntry testId="cc44afbd-4cf3-2e20-3db2-299f7e2f7417" executionId="28924442-12a8-4b7d-9f6f-5e70efc45795" testListId="8c84fa94-04c1-424b-9868-57a2d4851a1d" />
    <TestEntry testId="f75be3e6-ed0b-35e1-0432-7b7fbb4e1485" executionId="7a06c6e2-9489-48d0-abd3-c9f782c7fa6b" testListId="8c84fa94-04c1-424b-9868-57a2d4851a1d" />
    <TestEntry testId="3a544a23-ab08-83eb-2fc1-8e30939ddef0" executionId="c8b308fb-9d08-4c96-88be-19a788e74dba" testListId="8c84fa94-04c1-424b-9868-57a2d4851a1d" />
    <TestEntry testId="bb174fa2-4f2d-317c-47d6-f0209edbe2b3" executionId="4335f834-77f7-4a37-a10d-af035fb769ac" testListId="8c84fa94-04c1-424b-9868-57a2d4851a1d" />
    <TestEntry testId="3fd2ff77-bd6f-c689-50a7-65afd8701942" executionId="8cbad177-ff23-4538-be7b-ecc5baa567e1" testListId="8c84fa94-04c1-424b-9868-57a2d4851a1d" />
  </TestEntries>
  <TestLists>
    <TestList name="Results Not in a List" id="8c84fa94-04c1-424b-9868-57a2d4851a1d" />
    <TestList name="All Loaded Results" id="19431567-8539-422a-85d7-44ee4e166bda" />
  </TestLists>
  <ResultSummary outcome="Completed">
    <Counters total="14" executed="14" passed="14" failed="0" error="0" timeout="0" aborted="0" inconclusive="0" passedButRunAborted="0" notRunnable="0" notExecuted="0" disconnected="0" warning="0" completed="0" inProgress="0" pending="0" />
    <Output>
      <StdOut>NUnit Adapter 6.3.0.0: Test execution started
Running all tests in /workspace/lethal-dungeon/tests/Architecture.Tests/bin/Release/net10.0/Architecture.Tests.dll
   NUnit3TestExecutor discovered 14 of 14 NUnit test cases using Current Discovery mode, Non-Explicit run
</StdOut>
    </Output>
  </ResultSummary>
</TestRun>