<?xml version="1.0" encoding="utf-8"?>
<TestRun id="40094bfd-e18c-4528-a829-47b7404e7a36" name="local-validation" xmlns="http://microsoft.com/schemas/VisualStudio/TeamTest/2010">
  <Times creation="2026-09-08T11:59:58.5405500+09:00" queuing="2026-09-08T11:59:58.5405500+09:00" start="2026-09-08T11:59:57.9147370+09:00" finish="2026-09-08T11:59:58.5433550+09:00" />
  <TestSettings name="default" id="02c840f1-f9ae-43c4-8a9a-578a428a23af">
    <Deployment runDeploymentRoot="local-validation" />
  </TestSettings>
  <Results>
    <UnitTestResult executionId="579e181b-e420-4155-a55b-30680a884381" testId="330728c3-b04e-d37d-4834-fb76faa248cc" testName="HundredConfiguredSeeds" computerName="local-machine" duration="00:00:00.2155390" startTime="2026-09-08T11:59:58.2693580+09:00" endTime="2026-09-08T11:59:58.4848610+09:00" testType="13cdc9d9-ddb5-4fa4-a97d-d965ccfc6d4b" outcome="Failed" testListId="8c84fa94-04c1-424b-9868-57a2d4851a1d" relativeResultsDirectory="579e181b-e420-4155-a55b-30680a884381">
      <Output>
        <ErrorInfo>
          <Message>  seed 1: NoTemplateLayout:Elevation:0:10, attempts 16974
Assert.That(g.Layout.Succeeded, Is.True)
  Expected: True
  But was:  False
</Message>
          <StackTrace>   at LethalDungeon.Tests.ConfiguredDungeonTests.HundredConfiguredSeeds() in /workspace/lethal-dungeon/tests/Domain.Tests/ConfiguredDungeonTests.cs:line 42

1)    at LethalDungeon.Tests.ConfiguredDungeonTests.HundredConfiguredSeeds() in /workspace/lethal-dungeon/tests/Domain.Tests/ConfiguredDungeonTests.cs:line 42

</StackTrace>
        </ErrorInfo>
      </Output>
    </UnitTestResult>
  </Results>
  <TestDefinitions>
    <UnitTest name="HundredConfiguredSeeds" storage="/workspace/lethal-dungeon/tests/domain.tests/bin/release/net10.0/domain.tests.dll" id="330728c3-b04e-d37d-4834-fb76faa248cc">
      <Execution id="579e181b-e420-4155-a55b-30680a884381" />
      <TestMethod codeBase="/workspace/lethal-dungeon/tests/Domain.Tests/bin/Release/net10.0/Domain.Tests.dll" adapterTypeName="executor://nunit3testexecutor/" className="LethalDungeon.Tests.ConfiguredDungeonTests" name="HundredConfiguredSeeds" />
    </UnitTest>
  </TestDefinitions>
  <TestEntries>
    <TestEntry testId="330728c3-b04e-d37d-4834-fb76faa248cc" executionId="579e181b-e420-4155-a55b-30680a884381" testListId="8c84fa94-04c1-424b-9868-57a2d4851a1d" />
  </TestEntries>
  <TestLists>
    <TestList name="Results Not in a List" id="8c84fa94-04c1-424b-9868-57a2d4851a1d" />
    <TestList name="All Loaded Results" id="19431567-8539-422a-85d7-44ee4e166bda" />
  </TestLists>
  <ResultSummary outcome="Failed">
    <Counters total="1" executed="1" passed="0" failed="1" error="0" timeout="0" aborted="0" inconclusive="0" passedButRunAborted="0" notRunnable="0" notExecuted="0" disconnected="0" warning="0" completed="0" inProgress="0" pending="0" />
    <Output>
      <StdOut>NUnit Adapter 6.3.0.0: Test execution started
Running selected tests in /workspace/lethal-dungeon/tests/Domain.Tests/bin/Release/net10.0/Domain.Tests.dll
   NUnit3TestExecutor discovered 1 of 1 NUnit test cases using Current Discovery mode, Non-Explicit run
</StdOut>
    </Output>
  </ResultSummary>
</TestRun>